#
# A fatal error has been detected by the Java Runtime Environment:
#
#  EXCEPTION_ACCESS_VIOLATION (0xc0000005) at pc=0x65396776, pid=4588, tid=7052
#
# JRE version: Java(TM) SE Runtime Environment (8.0_73-b02) (build 1.8.0_73-b02)
# Java VM: Java HotSpot(TM) Client VM (25.73-b02 mixed mode, sharing windows-x86 )
# Problematic frame:
# C  [glass.dll+0x16776]
#
# Failed to write core dump. Minidumps are not enabled by default on client versions of Windows
#
# If you would like to submit a bug report, please visit:
#   http://bugreport.java.com/bugreport/crash.jsp
# The crash happened outside the Java Virtual Machine in native code.
# See problematic frame for where to report the bug.
#

---------------  T H R E A D  ---------------

Current thread (0x15858c00):  JavaThread "JavaFX Application Thread" [_thread_in_native, id=7052, stack(0x15c20000,0x15c70000)]

siginfo: ExceptionCode=0xc0000005, reading address 0x172adb5c

Registers:
EAX=0x00000001, EBX=0x00000205, ECX=0x7e91f64d, EDX=0x1581aa08
ESP=0x15c6f518, EBP=0x00000000, ESI=0x003a0026, EDI=0x172adb58
EIP=0x65396776, EFLAGS=0x00210246

Top of Stack: (sp=0x15c6f518)
0x15c6f518:   00290334 172adb58 003a0026 00000205
0x15c6f528:   00000205 003a0026 00000000 00000000
0x15c6f538:   75f54878 00290334 0000c0ac 00000000
0x15c6f548:   6b570365 653816ef 00000205 00000000
0x15c6f558:   003a0026 653816a0 00000000 15c6f594
0x15c6f568:   003a0026 75f784f3 00290334 00000205
0x15c6f578:   00000000 003a0026 00000000 dcbaabcd
0x15c6f588:   003a0026 653816a0 00000000 15c6f63c 

Instructions: (pc=0x65396776)
0x65396756:   53 ff 77 04 8d 4f 14 e8 6e 39 00 00 85 c0 0f 84
0x65396766:   32 fb ff ff 81 fb 05 02 00 00 0f 85 fc 00 00 00
0x65396776:   8b 77 04 ff 15 78 b8 3a 65 50 56 6a 7b 56 8d 4f
0x65396786:   14 e8 24 38 00 00 5f 5e 5d 33 c0 5b 8b 4c 24 20 


Register to memory mapping:

EAX=0x00000001 is an unknown value
EBX=0x00000205 is an unknown value
ECX=0x7e91f64d is an unknown value
EDX=0x1581aa08 is an unknown value
ESP=0x15c6f518 is pointing into the stack for thread: 0x15858c00
EBP=0x00000000 is an unknown value
ESI=0x003a0026 is an unknown value
EDI=0x172adb58 is an unknown value


Stack: [0x15c20000,0x15c70000],  sp=0x15c6f518,  free space=317k
Native frames: (J=compiled Java code, j=interpreted, Vv=VM code, C=native code)
C  [glass.dll+0x16776]

Java frames: (J=compiled Java code, j=interpreted, Vv=VM code)
j  com.sun.glass.ui.win.WinApplication._runLoop(Ljava/lang/Runnable;)V+0
j  com.sun.glass.ui.win.WinApplication.lambda$null$148(ILjava/lang/Runnable;)V+8
j  com.sun.glass.ui.win.WinApplication$$Lambda$38.run()V+12
j  java.lang.Thread.run()V+11
v  ~StubRoutines::call_stub

---------------  P R O C E S S  ---------------

Java Threads: ( => current thread )
  0x158a0400 JavaThread "Prism Font Disposer" daemon [_thread_blocked, id=4004, stack(0x19710000,0x19760000)]
  0x1587b000 JavaThread "JavaFX-Launcher" [_thread_blocked, id=3632, stack(0x173d0000,0x17420000)]
  0x15880000 JavaThread "Thread-2" daemon [_thread_in_native, id=3360, stack(0x17340000,0x17390000)]
=>0x15858c00 JavaThread "JavaFX Application Thread" [_thread_in_native, id=7052, stack(0x15c20000,0x15c70000)]
  0x15821000 JavaThread "Thread-1" daemon [_thread_blocked, id=3876, stack(0x15b90000,0x15be0000)]
  0x15814000 JavaThread "QuantumRenderer-0" daemon [_thread_blocked, id=3464, stack(0x15970000,0x159c0000)]
  0x0209a400 JavaThread "Service Thread" daemon [_thread_blocked, id=2856, stack(0x15650000,0x156a0000)]
  0x02078800 JavaThread "C1 CompilerThread0" daemon [_thread_blocked, id=1432, stack(0x155c0000,0x15610000)]
  0x02077800 JavaThread "Attach Listener" daemon [_thread_blocked, id=4880, stack(0x15530000,0x15580000)]
  0x02075400 JavaThread "Signal Dispatcher" daemon [_thread_blocked, id=2572, stack(0x154e0000,0x15530000)]
  0x0206ac00 JavaThread "Finalizer" daemon [_thread_blocked, id=5644, stack(0x14dc0000,0x14e10000)]
  0x02066000 JavaThread "Reference Handler" daemon [_thread_blocked, id=3332, stack(0x14d30000,0x14d80000)]
  0x0217bc00 JavaThread "main" [_thread_blocked, id=1560, stack(0x008e0000,0x00930000)]

Other Threads:
  0x02062400 VMThread [stack: 0x14ca0000,0x14cf0000] [id=3452]
  0x020b0800 WatcherThread [stack: 0x156e0000,0x15730000] [id=5684]

VM state:not at safepoint (normal execution)

VM Mutex/Monitor currently owned by a thread: None

Heap:
 def new generation   total 4928K, used 4331K [0x04200000, 0x04750000, 0x09750000)
  eden space 4416K,  86% used [0x04200000, 0x045bac18, 0x04650000)
  from space 512K, 100% used [0x046d0000, 0x04750000, 0x04750000)
  to   space 512K,   0% used [0x04650000, 0x04650000, 0x046d0000)
 tenured generation   total 10944K, used 7047K [0x09750000, 0x0a200000, 0x14200000)
   the space 10944K,  64% used [0x09750000, 0x09e31fe8, 0x09e32000, 0x0a200000)
 Metaspace       used 7544K, capacity 9574K, committed 9600K, reserved 9600K

Card table byte_map: [0x14200000,0x14290000] byte_map_base: 0x141df000

Polling page: 0x007d0000

CodeCache: size=32768Kb used=2002Kb max_used=2002Kb free=30766Kb
 bounds [0x02180000, 0x02378000, 0x04180000]
 total_blobs=1374 nmethods=963 adapters=341
 compilation: enabled

Compilation events (10 events):
Event: 9.213 Thread 0x02078800  969             javafx.beans.property.ReadOnlyObjectWrapper::getReadOnlyProperty (25 bytes)
Event: 9.213 Thread 0x02078800 nmethod 969 0x02370c08 code [0x02370d00, 0x02370de0]
Event: 9.213 Thread 0x02078800  970             javafx.scene.Node::invalidateLocalToSceneTransform (15 bytes)
Event: 9.213 Thread 0x02078800 nmethod 970 0x02370e48 code [0x02370f50, 0x0237102c]
Event: 9.213 Thread 0x02078800  971             javafx.scene.Parent$1::onChanged (677 bytes)
Event: 9.221 Thread 0x02078800 nmethod 971 0x02371108 code [0x02371540, 0x023725d4]
Event: 9.221 Thread 0x02078800  972             javafx.beans.binding.BooleanExpression::getValue (5 bytes)
Event: 9.222 Thread 0x02078800 nmethod 972 0x02374288 code [0x02374390, 0x0237443c]
Event: 9.222 Thread 0x02078800  973             javafx.scene.Node::impl_reapplyCSS (75 bytes)
Event: 9.223 Thread 0x02078800 nmethod 973 0x023744c8 code [0x02374640, 0x02374914]

GC Heap History (10 events):
Event: 1.906 GC heap before
{Heap before GC invocations=4 (full 0):
 def new generation   total 4928K, used 4876K [0x04200000, 0x04750000, 0x09750000)
  eden space 4416K, 100% used [0x04200000, 0x04650000, 0x04650000)
  from space 512K,  89% used [0x04650000, 0x046c31c8, 0x046d0000)
  to   space 512K,   0% used [0x046d0000, 0x046d0000, 0x04750000)
 tenured generation   total 10944K, used 2472K [0x09750000, 0x0a200000, 0x14200000)
   the space 10944K,  22% used [0x09750000, 0x099ba0b0, 0x099ba200, 0x0a200000)
 Metaspace       used 5369K, capacity 7278K, committed 7296K, reserved 7552K
Event: 1.912 GC heap after
Heap after GC invocations=5 (full 0):
 def new generation   total 4928K, used 449K [0x04200000, 0x04750000, 0x09750000)
  eden space 4416K,   0% used [0x04200000, 0x04200000, 0x04650000)
  from space 512K,  87% used [0x046d0000, 0x047406d8, 0x04750000)
  to   space 512K,   0% used [0x04650000, 0x04650000, 0x046d0000)
 tenured generation   total 10944K, used 2875K [0x09750000, 0x0a200000, 0x14200000)
   the space 10944K,  26% used [0x09750000, 0x09a1ed68, 0x09a1ee00, 0x0a200000)
 Metaspace       used 5369K, capacity 7278K, committed 7296K, reserved 7552K
}
Event: 2.221 GC heap before
{Heap before GC invocations=5 (full 0):
 def new generation   total 4928K, used 4865K [0x04200000, 0x04750000, 0x09750000)
  eden space 4416K, 100% used [0x04200000, 0x04650000, 0x04650000)
  from space 512K,  87% used [0x046d0000, 0x047406d8, 0x04750000)
  to   space 512K,   0% used [0x04650000, 0x04650000, 0x046d0000)
 tenured generation   total 10944K, used 2875K [0x09750000, 0x0a200000, 0x14200000)
   the space 10944K,  26% used [0x09750000, 0x09a1ed68, 0x09a1ee00, 0x0a200000)
 Metaspace       used 6111K, capacity 8069K, committed 8192K, reserved 8576K
Event: 2.229 GC heap after
Heap after GC invocations=6 (full 0):
 def new generation   total 4928K, used 512K [0x04200000, 0x04750000, 0x09750000)
  eden space 4416K,   0% used [0x04200000, 0x04200000, 0x04650000)
  from space 512K, 100% used [0x04650000, 0x046d0000, 0x046d0000)
  to   space 512K,   0% used [0x046d0000, 0x046d0000, 0x04750000)
 tenured generation   total 10944K, used 3498K [0x09750000, 0x0a200000, 0x14200000)
   the space 10944K,  31% used [0x09750000, 0x09aba870, 0x09abaa00, 0x0a200000)
 Metaspace       used 6111K, capacity 8069K, committed 8192K, reserved 8576K
}
Event: 2.573 GC heap before
{Heap before GC invocations=6 (full 0):
 def new generation   total 4928K, used 4928K [0x04200000, 0x04750000, 0x09750000)
  eden space 4416K, 100% used [0x04200000, 0x04650000, 0x04650000)
  from space 512K, 100% used [0x04650000, 0x046d0000, 0x046d0000)
  to   space 512K,   0% used [0x046d0000, 0x046d0000, 0x04750000)
 tenured generation   total 10944K, used 3498K [0x09750000, 0x0a200000, 0x14200000)
   the space 10944K,  31% used [0x09750000, 0x09aba870, 0x09abaa00, 0x0a200000)
 Metaspace       used 6593K, capacity 8624K, committed 8704K, reserved 9600K
Event: 2.587 GC heap after
Heap after GC invocations=7 (full 0):
 def new generation   total 4928K, used 512K [0x04200000, 0x04750000, 0x09750000)
  eden space 4416K,   0% used [0x04200000, 0x04200000, 0x04650000)
  from space 512K, 100% used [0x046d0000, 0x04750000, 0x04750000)
  to   space 512K,   0% used [0x04650000, 0x04650000, 0x046d0000)
 tenured generation   total 10944K, used 4545K [0x09750000, 0x0a200000, 0x14200000)
   the space 10944K,  41% used [0x09750000, 0x09bc0780, 0x09bc0800, 0x0a200000)
 Metaspace       used 6593K, capacity 8624K, committed 8704K, reserved 9600K
}
Event: 3.637 GC heap before
{Heap before GC invocations=7 (full 0):
 def new generation   total 4928K, used 4928K [0x04200000, 0x04750000, 0x09750000)
  eden space 4416K, 100% used [0x04200000, 0x04650000, 0x04650000)
  from space 512K, 100% used [0x046d0000, 0x04750000, 0x04750000)
  to   space 512K,   0% used [0x04650000, 0x04650000, 0x046d0000)
 tenured generation   total 10944K, used 4545K [0x09750000, 0x0a200000, 0x14200000)
   the space 10944K,  41% used [0x09750000, 0x09bc0780, 0x09bc0800, 0x0a200000)
 Metaspace       used 7160K, capacity 9213K, committed 9216K, reserved 9600K
Event: 3.648 GC heap after
Heap after GC invocations=8 (full 0):
 def new generation   total 4928K, used 224K [0x04200000, 0x04750000, 0x09750000)
  eden space 4416K,   0% used [0x04200000, 0x04200000, 0x04650000)
  from space 512K,  43% used [0x04650000, 0x04688118, 0x046d0000)
  to   space 512K,   0% used [0x046d0000, 0x046d0000, 0x04750000)
 tenured generation   total 10944K, used 6978K [0x09750000, 0x0a200000, 0x14200000)
   the space 10944K,  63% used [0x09750000, 0x09e20a58, 0x09e20c00, 0x0a200000)
 Metaspace       used 7160K, capacity 9213K, committed 9216K, reserved 9600K
}
Event: 4.140 GC heap before
{Heap before GC invocations=8 (full 0):
 def new generation   total 4928K, used 2729K [0x04200000, 0x04750000, 0x09750000)
  eden space 4416K,  56% used [0x04200000, 0x044724a8, 0x04650000)
  from space 512K,  43% used [0x04650000, 0x04688118, 0x046d0000)
  to   space 512K,   0% used [0x046d0000, 0x046d0000, 0x04750000)
 tenured generation   total 10944K, used 6978K [0x09750000, 0x0a200000, 0x14200000)
   the space 10944K,  63% used [0x09750000, 0x09e20a58, 0x09e20c00, 0x0a200000)
 Metaspace       used 7315K, capacity 9414K, committed 9472K, reserved 9600K
Event: 4.148 GC heap after
Heap after GC invocations=9 (full 0):
 def new generation   total 4928K, used 512K [0x04200000, 0x04750000, 0x09750000)
  eden space 4416K,   0% used [0x04200000, 0x04200000, 0x04650000)
  from space 512K, 100% used [0x046d0000, 0x04750000, 0x04750000)
  to   space 512K,   0% used [0x04650000, 0x04650000, 0x046d0000)
 tenured generation   total 10944K, used 7047K [0x09750000, 0x0a200000, 0x14200000)
   the space 10944K,  64% used [0x09750000, 0x09e31fe8, 0x09e32000, 0x0a200000)
 Metaspace       used 7315K, capacity 9414K, committed 9472K, reserved 9600K
}

Deoptimization events (0 events):
No events

Internal exceptions (10 events):
Event: 1.132 Thread 0x15858c00 Exception <a 'java/lang/ArrayIndexOutOfBoundsException'> (0x042a6868) thrown at [D:\re\workspace\8-2-build-windows-i586-cygwin\jdk8u73\6086\hotspot\src\share\vm\runtime\sharedRuntime.cpp, line 605]
Event: 1.140 Thread 0x15858c00 Exception <a 'java/lang/ArrayIndexOutOfBoundsException'> (0x042b2de0) thrown at [D:\re\workspace\8-2-build-windows-i586-cygwin\jdk8u73\6086\hotspot\src\share\vm\runtime\sharedRuntime.cpp, line 605]
Event: 1.163 Thread 0x15858c00 Exception <a 'java/lang/ArrayIndexOutOfBoundsException'> (0x042e5320) thrown at [D:\re\workspace\8-2-build-windows-i586-cygwin\jdk8u73\6086\hotspot\src\share\vm\runtime\sharedRuntime.cpp, line 605]
Event: 1.408 Thread 0x15858c00 Exception <a 'java/lang/ArrayIndexOutOfBoundsException'> (0x0451ce90) thrown at [D:\re\workspace\8-2-build-windows-i586-cygwin\jdk8u73\6086\hotspot\src\share\vm\runtime\sharedRuntime.cpp, line 605]
Event: 1.408 Thread 0x15858c00 Exception <a 'java/lang/ArrayIndexOutOfBoundsException'> (0x0451db00) thrown at [D:\re\workspace\8-2-build-windows-i586-cygwin\jdk8u73\6086\hotspot\src\share\vm\runtime\sharedRuntime.cpp, line 605]
Event: 1.409 Thread 0x15858c00 Exception <a 'java/lang/ArrayIndexOutOfBoundsException'> (0x0451f0a8) thrown at [D:\re\workspace\8-2-build-windows-i586-cygwin\jdk8u73\6086\hotspot\src\share\vm\runtime\sharedRuntime.cpp, line 605]
Event: 1.414 Thread 0x15858c00 Exception <a 'java/lang/ArrayIndexOutOfBoundsException'> (0x04525ce8) thrown at [D:\re\workspace\8-2-build-windows-i586-cygwin\jdk8u73\6086\hotspot\src\share\vm\runtime\sharedRuntime.cpp, line 605]
Event: 1.414 Thread 0x15858c00 Exception <a 'java/lang/ArrayIndexOutOfBoundsException'> (0x04526f18) thrown at [D:\re\workspace\8-2-build-windows-i586-cygwin\jdk8u73\6086\hotspot\src\share\vm\runtime\sharedRuntime.cpp, line 605]
Event: 1.510 Thread 0x15858c00 Exception <a 'java/io/FileNotFoundException'> (0x04633278) thrown at [D:\re\workspace\8-2-build-windows-i586-cygwin\jdk8u73\6086\hotspot\src\share\vm\prims\jni.cpp, line 709]
Event: 1.587 Thread 0x15858c00 Implicit null exception at 0x0229af6c to 0x0229c28c

Events (10 events):
Event: 9.182 loading class javafx/scene/shape/CubicCurve$7
Event: 9.182 loading class javafx/scene/shape/CubicCurve$7 done
Event: 9.186 loading class com/sun/javafx/sg/prism/NGPolygon
Event: 9.186 loading class com/sun/javafx/sg/prism/NGPolygon done
Event: 9.187 loading class javafx/scene/shape/Polygon$1
Event: 9.187 loading class javafx/scene/shape/Polygon$1 done
Event: 9.188 loading class javafx/scene/Node$NodeTransformation$10
Event: 9.188 loading class javafx/scene/Node$NodeTransformation$10 done
Event: 9.189 loading class com/sun/javafx/geom/CubicIterator
Event: 9.189 loading class com/sun/javafx/geom/CubicIterator done


Dynamic libraries:
0x00a20000 - 0x00a53000 	C:\Program Files (x86)\Java\jre1.8.0_73\bin\javaw.exe
0x77040000 - 0x771bb000 	C:\WINDOWS\SYSTEM32\ntdll.dll
0x74230000 - 0x74310000 	C:\WINDOWS\SYSTEM32\KERNEL32.DLL
0x76a50000 - 0x76bce000 	C:\WINDOWS\SYSTEM32\KERNELBASE.dll
0x764b0000 - 0x7652b000 	C:\WINDOWS\SYSTEM32\ADVAPI32.dll
0x76930000 - 0x769ee000 	C:\WINDOWS\SYSTEM32\msvcrt.dll
0x76ff0000 - 0x77034000 	C:\WINDOWS\SYSTEM32\sechost.dll
0x76550000 - 0x765fd000 	C:\WINDOWS\SYSTEM32\RPCRT4.dll
0x73d70000 - 0x73d8e000 	C:\WINDOWS\SYSTEM32\SspiCli.dll
0x73d60000 - 0x73d6a000 	C:\WINDOWS\SYSTEM32\CRYPTBASE.dll
0x74120000 - 0x74178000 	C:\WINDOWS\SYSTEM32\bcryptPrimitives.dll
0x75f40000 - 0x76087000 	C:\WINDOWS\SYSTEM32\USER32.dll
0x76090000 - 0x761df000 	C:\WINDOWS\SYSTEM32\GDI32.dll
0x737d0000 - 0x739df000 	C:\WINDOWS\WinSxS\x86_microsoft.windows.common-controls_6595b64144ccf1df_6.0.10586.0_none_d3c2e4e965da4528\COMCTL32.dll
0x76720000 - 0x768dd000 	C:\WINDOWS\SYSTEM32\combase.dll
0x73e40000 - 0x73e6b000 	C:\WINDOWS\SYSTEM32\IMM32.DLL
0x65550000 - 0x6560f000 	C:\Program Files (x86)\Java\jre1.8.0_73\bin\msvcr100.dll
0x66ff0000 - 0x673b8000 	C:\Program Files (x86)\Java\jre1.8.0_73\bin\client\jvm.dll
0x76fe0000 - 0x76fe6000 	C:\WINDOWS\SYSTEM32\PSAPI.DLL
0x6ded0000 - 0x6def4000 	C:\WINDOWS\SYSTEM32\WINMM.dll
0x73ac0000 - 0x73ac8000 	C:\WINDOWS\SYSTEM32\VERSION.dll
0x73b50000 - 0x73b58000 	C:\WINDOWS\SYSTEM32\WSOCK32.dll
0x769f0000 - 0x76a4f000 	C:\WINDOWS\SYSTEM32\WS2_32.dll
0x6dea0000 - 0x6dec3000 	C:\WINDOWS\SYSTEM32\WINMMBASE.dll
0x740e0000 - 0x74117000 	C:\WINDOWS\SYSTEM32\cfgmgr32.dll
0x73b40000 - 0x73b4c000 	C:\Program Files (x86)\Java\jre1.8.0_73\bin\verify.dll
0x73060000 - 0x73081000 	C:\Program Files (x86)\Java\jre1.8.0_73\bin\java.dll
0x73110000 - 0x73123000 	C:\Program Files (x86)\Java\jre1.8.0_73\bin\zip.dll
0x74310000 - 0x7570e000 	C:\WINDOWS\SYSTEM32\SHELL32.dll
0x75940000 - 0x75e3a000 	C:\WINDOWS\SYSTEM32\windows.storage.dll
0x741e0000 - 0x74225000 	C:\WINDOWS\SYSTEM32\shlwapi.dll
0x73d90000 - 0x73d9c000 	C:\WINDOWS\SYSTEM32\kernel.appcore.dll
0x75eb0000 - 0x75f3d000 	C:\WINDOWS\SYSTEM32\shcore.dll
0x76460000 - 0x764a4000 	C:\WINDOWS\SYSTEM32\powrprof.dll
0x75880000 - 0x7588f000 	C:\WINDOWS\SYSTEM32\profapi.dll
0x65460000 - 0x6554e000 	C:\Program Files (x86)\Java\jre1.8.0_73\bin\msvcr120.dll
0x653e0000 - 0x65451000 	C:\Program Files (x86)\Java\jre1.8.0_73\bin\msvcp120.dll
0x653c0000 - 0x653df000 	C:\Program Files (x86)\Java\jre1.8.0_73\bin\prism_d3d.dll
0x69dc0000 - 0x69f8b000 	C:\WINDOWS\system32\d3d9.dll
0x6a0b0000 - 0x6a0cd000 	C:\WINDOWS\SYSTEM32\dwmapi.dll
0x73380000 - 0x733f5000 	C:\WINDOWS\system32\uxtheme.dll
0x693c0000 - 0x69db9000 	C:\WINDOWS\SYSTEM32\igdumdim32.dll
0x69040000 - 0x693b5000 	C:\WINDOWS\SYSTEM32\igdusc32.dll
0x65380000 - 0x653b3000 	C:\Program Files (x86)\Java\jre1.8.0_73\bin\glass.dll
0x76620000 - 0x76712000 	C:\WINDOWS\SYSTEM32\COMDLG32.dll
0x74180000 - 0x741de000 	C:\WINDOWS\SYSTEM32\FirewallAPI.dll
0x76600000 - 0x76613000 	C:\WINDOWS\SYSTEM32\NETAPI32.dll
0x73ff0000 - 0x740db000 	C:\WINDOWS\SYSTEM32\ole32.dll
0x73da0000 - 0x73e32000 	C:\WINDOWS\SYSTEM32\OLEAUT32.dll
0x67c90000 - 0x67c9b000 	C:\WINDOWS\SYSTEM32\DAVHLPR.DLL
0x70a50000 - 0x70a7c000 	C:\WINDOWS\SYSTEM32\fwbase.dll
0x73ed0000 - 0x73fef000 	C:\WINDOWS\SYSTEM32\MSCTF.dll
0x65360000 - 0x65371000 	C:\Program Files (x86)\Java\jre1.8.0_73\bin\javafx_font.dll
0x6a340000 - 0x6a531000 	C:\WINDOWS\SYSTEM32\dwrite.dll
0x758b0000 - 0x75934000 	C:\WINDOWS\SYSTEM32\clbcatq.dll
0x6c830000 - 0x6c9a3000 	C:\WINDOWS\SYSTEM32\WindowsCodecs.dll
0x72fc0000 - 0x73001000 	C:\WINDOWS\system32\dataexchange.dll
0x70cc0000 - 0x70eda000 	C:\WINDOWS\system32\d3d11.dll
0x67cd0000 - 0x67d77000 	C:\WINDOWS\system32\dcomp.dll
0x6df80000 - 0x6e003000 	C:\WINDOWS\system32\dxgi.dll
0x72bd0000 - 0x72c9d000 	C:\WINDOWS\system32\twinapi.appcore.dll
0x73130000 - 0x7314b000 	C:\WINDOWS\system32\bcrypt.dll
0x65330000 - 0x65355000 	C:\Program Files (x86)\Common Files\Microsoft Shared\Ink\rtscom.dll
0x67570000 - 0x6757f000 	C:\Program Files (x86)\Java\jre1.8.0_73\bin\prism_common.dll
0x70b70000 - 0x70cbb000 	C:\WINDOWS\SYSTEM32\PROPSYS.dll
0x652b0000 - 0x6532d000 	C:\Program Files (x86)\Common Files\microsoft shared\ink\tiptsf.dll
0x677d0000 - 0x67819000 	C:\WINDOWS\SYSTEM32\edputil.dll
0x65260000 - 0x652aa000 	C:\WINDOWS\SYSTEM32\policymanager.dll
0x651f0000 - 0x65255000 	C:\WINDOWS\SYSTEM32\msvcp110_win.dll
0x67820000 - 0x67c5a000 	C:\WINDOWS\system32\explorerframe.dll
0x62d90000 - 0x62ef7000 	C:\WINDOWS\system32\DUI70.dll
0x65170000 - 0x651eb000 	C:\WINDOWS\system32\DUser.dll
0x65130000 - 0x6516e000 	C:\Windows\SYSTEM32\thumbcache.dll
0x605c0000 - 0x606f2000 	C:\Windows\System32\Windows.Globalization.dll
0x5f370000 - 0x5f3c2000 	C:\Windows\System32\Bcp47Langs.dll
0x62ac0000 - 0x62ae3000 	C:\WINDOWS\SYSTEM32\globinputhost.dll
0x5d0c0000 - 0x5d0ed000 	C:\WINDOWS\system32\xmllite.dll
0x62a30000 - 0x62ab2000 	C:\WINDOWS\System32\StructuredQuery.dll
0x72810000 - 0x72a2c000 	C:\Windows\SYSTEM32\ActXPrxy.dll
0x5f8f0000 - 0x5f8fd000 	C:\WINDOWS\SYSTEM32\atlthunk.dll
0x65110000 - 0x65126000 	C:\WINDOWS\SYSTEM32\MPR.dll
0x62a20000 - 0x62a29000 	C:\WINDOWS\System32\drprov.dll
0x73010000 - 0x73054000 	C:\WINDOWS\System32\WINSTA.dll
0x62a00000 - 0x62a12000 	C:\WINDOWS\System32\ntlanman.dll
0x629e0000 - 0x629fa000 	C:\WINDOWS\System32\davclnt.dll
0x629d0000 - 0x629e0000 	C:\WINDOWS\System32\wkscli.dll
0x73b90000 - 0x73b9f000 	C:\WINDOWS\SYSTEM32\cscapi.dll
0x67c60000 - 0x67c6a000 	C:\WINDOWS\System32\netutils.dll
0x629c0000 - 0x629c8000 	C:\WINDOWS\system32\IconCodecService.dll
0x72ec0000 - 0x72f52000 	C:\WINDOWS\SYSTEM32\apphelp.dll
0x62950000 - 0x629c0000 	C:\Windows\SYSTEM32\dlnashext.dll
0x628f0000 - 0x62947000 	C:\Windows\System32\PlayToDevice.dll
0x68190000 - 0x681ab000 	C:\Windows\System32\DevDispItemProvider.dll
0x73e70000 - 0x73eca000 	C:\WINDOWS\SYSTEM32\coml2.dll
0x62840000 - 0x628e2000 	C:\WINDOWS\system32\Windows.Storage.Search.dll
0x627a0000 - 0x62833000 	C:\Windows\SYSTEM32\twinapi.dll
0x73c90000 - 0x73c9b000 	C:\WINDOWS\SYSTEM32\LINKINFO.dll
0x71010000 - 0x71065000 	C:\WINDOWS\System32\MMDevApi.dll
0x73d30000 - 0x73d52000 	C:\WINDOWS\System32\DEVOBJ.dll
0x62520000 - 0x625a3000 	C:\Windows\SYSTEM32\PortableDeviceApi.dll
0x76bd0000 - 0x76fdb000 	C:\WINDOWS\SYSTEM32\SETUPAPI.dll
0x768e0000 - 0x76922000 	C:\WINDOWS\SYSTEM32\WINTRUST.dll
0x76540000 - 0x7654e000 	C:\WINDOWS\SYSTEM32\MSASN1.dll
0x761e0000 - 0x76358000 	C:\WINDOWS\SYSTEM32\CRYPT32.dll
0x62350000 - 0x624d4000 	C:\Users\daryll\AppData\Local\Microsoft\OneDrive\17.3.6301.0127\FileSyncShell.dll
0x62300000 - 0x6234d000 	C:\Users\daryll\AppData\Local\Microsoft\OneDrive\17.3.6301.0127\Telemetry.dll
0x73150000 - 0x73378000 	C:\WINDOWS\SYSTEM32\WININET.dll
0x622e0000 - 0x622fc000 	C:\Users\daryll\AppData\Local\Microsoft\OneDrive\17.3.6301.0127\LoggingPlatform.DLL
0x622b0000 - 0x622d1000 	C:\WINDOWS\SYSTEM32\Cabinet.dll
0x68e70000 - 0x68f0b000 	C:\WINDOWS\SYSTEM32\WINHTTP.dll
0x5cf90000 - 0x5d0b4000 	C:\WINDOWS\system32\NetworkExplorer.dll
0x62090000 - 0x622af000 	C:\Program Files (x86)\Microsoft Office\Office12\GrooveShellExtensions.dll
0x61f90000 - 0x62083000 	C:\Program Files (x86)\Microsoft Office\Office12\GrooveUtil.DLL
0x66e90000 - 0x66f2b000 	C:\WINDOWS\WinSxS\x86_microsoft.vc80.crt_1fc8b3b9a1e18e3b_8.0.50727.9193_none_d09188224426efcd\MSVCR80.dll
0x61f80000 - 0x61f87000 	C:\Program Files (x86)\Microsoft Office\Office12\GrooveNew.DLL
0x61f60000 - 0x61f7b000 	C:\WINDOWS\WinSxS\x86_microsoft.vc80.atl_1fc8b3b9a1e18e3b_8.0.50727.762_none_11ecb0ab9b2caf3c\ATL80.DLL
0x6e210000 - 0x6e223000 	C:\WINDOWS\SYSTEM32\CRYPTSP.dll
0x6e1e0000 - 0x6e20f000 	C:\WINDOWS\system32\rsaenh.dll
0x5f620000 - 0x5f626000 	C:\WINDOWS\SYSTEM32\MSImg32.dll
0x61f40000 - 0x61f52000 	C:\WINDOWS\system32\mssprxy.dll
0x61f10000 - 0x61f3d000 	C:\Program Files (x86)\Microsoft Office\Office12\GrooveSystemServices.dll
0x61d80000 - 0x61f0e000 	C:\WINDOWS\System32\msxml3.dll
0x73bc0000 - 0x73c89000 	C:\WINDOWS\SYSTEM32\ntshrui.dll
0x73ba0000 - 0x73bbc000 	C:\WINDOWS\SYSTEM32\srvcli.dll
0x739f0000 - 0x73a09000 	C:\WINDOWS\SYSTEM32\USERENV.dll
0x61d20000 - 0x61d7f000 	C:\Program Files (x86)\WinRAR\rarext.dll
0x61c40000 - 0x61c6b000 	C:\WINDOWS\system32\syncui.dll
0x61c20000 - 0x61c38000 	C:\WINDOWS\system32\SYNCENG.dll

VM Arguments:
jvm_args: -Dfile.encoding=Cp1252 
java_command: application.Main
java_class_path (initial): R:\ZeroShiki\workspace\standard\gui\GraphFX\bin;R:\ZeroShiki\eclipse\plugins\org.eclipse.fx.ide.css.jfx8_2.0.0.201506111511.jar
Launcher Type: SUN_STANDARD

Environment Variables:
JAVA_HOME=C:\Program Files (x86)\Java\jdk1.8.0_66
PATH=C:/Program Files (x86)/Java/jre1.8.0_73/bin/client;C:/Program Files (x86)/Java/jre1.8.0_73/bin;C:/Program Files (x86)/Java/jre1.8.0_73/lib/i386;C:\ProgramData\Oracle\Java\javapath;C:\WINDOWS\system32;C:\WINDOWS;C:\WINDOWS\System32\Wbem;C:\WINDOWS\System32\WindowsPowerShell\v1.0\;C:\Program Files\MySQL\MySQL Enterprise Backup 3.10.1\;C:\Program Files (x86)\MySQL\MySQL Utilities 1.3.6\;C:\Program Files (x86)\Java\jdk1.8.0_66\bin;C:\Program Files (x86)\Windows Kits\8.1\Windows Performance Toolkit\;C:\Program Files (x86)\Skype\Phone\;C:\Program Files (x86)\Inno Setup 5;C:\Ruby22\bin;R:\Program Files\emacs\bin;C:\Program Files (x86)\Inno Setup 5;R:\ZeroShiki\eclipse;
USERNAME=daryll
OS=Windows_NT
PROCESSOR_IDENTIFIER=Intel64 Family 6 Model 55 Stepping 8, GenuineIntel



---------------  S Y S T E M  ---------------

OS: Windows 10.0 , 64 bit Build 10586 (10.0.10586.0)

CPU:total 4 (4 cores per cpu, 1 threads per core) family 6 model 55 stepping 8, cmov, cx8, fxsr, mmx, sse, sse2, sse3, ssse3, sse4.1, sse4.2, popcnt, clmul, erms, 3dnowpref, tsc, tscinvbit

Memory: 4k page, physical 1976016k(509712k free), swap 2750680k(464484k free)

vm_info: Java HotSpot(TM) Client VM (25.73-b02) for windows-x86 JRE (1.8.0_73-b02), built on Jan 29 2016 17:05:52 by "java_re" with MS VC++ 10.0 (VS2010)

time: Mon Feb 22 11:40:18 2016
elapsed time: 9 seconds (0d 0h 0m 9s)

