#
# A fatal error has been detected by the Java Runtime Environment:
#
#  EXCEPTION_ACCESS_VIOLATION (0xc0000005) at pc=0x66a16776, pid=3312, tid=5476
#
# JRE version: Java(TM) SE Runtime Environment (8.0_73-b02) (build 1.8.0_73-b02)
# Java VM: Java HotSpot(TM) Client VM (25.73-b02 mixed mode windows-x86 )
# Problematic frame:
# C  [glass.dll+0x16776]
#
# Failed to write core dump. Minidumps are not enabled by default on client versions of Windows
#
# If you would like to submit a bug report, please visit:
#   http://bugreport.java.com/bugreport/crash.jsp
# The crash happened outside the Java Virtual Machine in native code.
# See problematic frame for where to report the bug.
#

---------------  T H R E A D  ---------------

Current thread (0x149c5000):  JavaThread "JavaFX Application Thread" [_thread_in_native, id=5476, stack(0x15010000,0x15060000)]

siginfo: ExceptionCode=0xc0000005, reading address 0x16693e04

Registers:
EAX=0x00000001, EBX=0x00000205, ECX=0x7bc10e86, EDX=0x14982850
ESP=0x1505f698, EBP=0x00000000, ESI=0x00430031, EDI=0x16693e00
EIP=0x66a16776, EFLAGS=0x00210246

Top of Stack: (sp=0x1505f698)
0x1505f698:   002703f2 16693e00 00430031 00000205
0x1505f6a8:   00000205 00430031 00000000 00000000
0x1505f6b8:   741f4878 002703f2 0000c0fa 00000000
0x1505f6c8:   6ec4f82e 66a016ef 00000205 00000000
0x1505f6d8:   00430031 66a016a0 00000000 1505f714
0x1505f6e8:   00430031 742184f3 002703f2 00000205
0x1505f6f8:   00000000 00430031 00000000 dcbaabcd
0x1505f708:   00430031 66a016a0 00000000 1505f7bc 

Instructions: (pc=0x66a16776)
0x66a16756:   53 ff 77 04 8d 4f 14 e8 6e 39 00 00 85 c0 0f 84
0x66a16766:   32 fb ff ff 81 fb 05 02 00 00 0f 85 fc 00 00 00
0x66a16776:   8b 77 04 ff 15 78 b8 a2 66 50 56 6a 7b 56 8d 4f
0x66a16786:   14 e8 24 38 00 00 5f 5e 5d 33 c0 5b 8b 4c 24 20 


Register to memory mapping:

EAX=0x00000001 is an unknown value
EBX=0x00000205 is an unknown value
ECX=0x7bc10e86 is an unknown value
EDX=0x14982850 is an unknown value
ESP=0x1505f698 is pointing into the stack for thread: 0x149c5000
EBP=0x00000000 is an unknown value
ESI=0x00430031 is an unknown value
EDI=0x16693e00 is an unknown value


Stack: [0x15010000,0x15060000],  sp=0x1505f698,  free space=317k
Native frames: (J=compiled Java code, j=interpreted, Vv=VM code, C=native code)
C  [glass.dll+0x16776]

Java frames: (J=compiled Java code, j=interpreted, Vv=VM code)
j  com.sun.glass.ui.win.WinApplication._runLoop(Ljava/lang/Runnable;)V+0
j  com.sun.glass.ui.win.WinApplication.lambda$null$148(ILjava/lang/Runnable;)V+8
j  com.sun.glass.ui.win.WinApplication$$Lambda$38.run()V+12
j  java.lang.Thread.run()V+11
v  ~StubRoutines::call_stub

---------------  P R O C E S S  ---------------

Java Threads: ( => current thread )
  0x168ff400 JavaThread "Prism Font Disposer" daemon [_thread_blocked, id=1232, stack(0x18c30000,0x18c80000)]
  0x149e9400 JavaThread "JavaFX-Launcher" [_thread_blocked, id=4400, stack(0x16bd0000,0x16c20000)]
  0x149f9800 JavaThread "Thread-2" daemon [_thread_in_native, id=6264, stack(0x16b40000,0x16b90000)]
=>0x149c5000 JavaThread "JavaFX Application Thread" [_thread_in_native, id=5476, stack(0x15010000,0x15060000)]
  0x14981c00 JavaThread "Thread-1" daemon [_thread_blocked, id=5460, stack(0x14f80000,0x14fd0000)]
  0x1499e800 JavaThread "QuantumRenderer-0" daemon [_thread_blocked, id=6652, stack(0x14df0000,0x14e40000)]
  0x14829c00 JavaThread "Service Thread" daemon [_thread_blocked, id=4116, stack(0x14cd0000,0x14d20000)]
  0x14822c00 JavaThread "C1 CompilerThread0" daemon [_thread_blocked, id=6104, stack(0x14c40000,0x14c90000)]
  0x14822000 JavaThread "Attach Listener" daemon [_thread_blocked, id=6288, stack(0x14bb0000,0x14c00000)]
  0x1482cc00 JavaThread "Signal Dispatcher" daemon [_thread_blocked, id=7336, stack(0x14b20000,0x14b70000)]
  0x14806c00 JavaThread "Finalizer" daemon [_thread_blocked, id=3696, stack(0x01360000,0x013b0000)]
  0x00d0e800 JavaThread "Reference Handler" daemon [_thread_blocked, id=1384, stack(0x012d0000,0x01320000)]
  0x005dbc00 JavaThread "main" [_thread_blocked, id=3580, stack(0x00740000,0x00790000)]

Other Threads:
  0x00d0bc00 VMThread [stack: 0x01240000,0x01290000] [id=5716]
  0x14852800 WatcherThread [stack: 0x14d60000,0x14db0000] [id=5348]

VM state:not at safepoint (normal execution)

VM Mutex/Monitor currently owned by a thread: None

Heap:
 def new generation   total 4928K, used 2307K [0x04800000, 0x04d50000, 0x09d50000)
  eden space 4416K,  47% used [0x04800000, 0x04a09058, 0x04c50000)
  from space 512K,  43% used [0x04c50000, 0x04c87f80, 0x04cd0000)
  to   space 512K,   0% used [0x04cd0000, 0x04cd0000, 0x04d50000)
 tenured generation   total 10944K, used 10673K [0x09d50000, 0x0a800000, 0x14800000)
   the space 10944K,  97% used [0x09d50000, 0x0a7bc5e8, 0x0a7bc600, 0x0a800000)
 Metaspace       used 10992K, capacity 11817K, committed 11904K, reserved 12672K

Card table byte_map: [0x00d10000,0x00da0000] byte_map_base: 0x00cec000

Polling page: 0x00790000

CodeCache: size=32768Kb used=2652Kb max_used=2652Kb free=30115Kb
 bounds [0x02800000, 0x02a98000, 0x04800000]
 total_blobs=1941 nmethods=1516 adapters=354
 compilation: enabled

Compilation events (10 events):
Event: 41.359 Thread 0x14822c00 1524             com.sun.javafx.event.CompositeEventHandler$NormalEventHandlerRecord::isDisconnected (2 bytes)
Event: 41.359 Thread 0x14822c00 nmethod 1524 0x02a96548 code [0x02a96640, 0x02a966c0]
Event: 41.416 Thread 0x14822c00 1525             com.sun.prism.paint.Color::getBluePremult (10 bytes)
Event: 41.417 Thread 0x14822c00 nmethod 1525 0x02a96708 code [0x02a96800, 0x02a96890]
Event: 41.417 Thread 0x14822c00 1526             com.sun.prism.paint.Color::getGreenPremult (10 bytes)
Event: 41.417 Thread 0x14822c00 nmethod 1526 0x02a968c8 code [0x02a969c0, 0x02a96a50]
Event: 41.417 Thread 0x14822c00 1527             com.sun.prism.paint.Color::getRedPremult (10 bytes)
Event: 41.418 Thread 0x14822c00 nmethod 1527 0x02a96a88 code [0x02a96b80, 0x02a96c10]
Event: 41.418 Thread 0x14822c00 1528             com.sun.prism.impl.ps.PaintHelper::stopsToGtexImage (284 bytes)
Event: 41.422 Thread 0x14822c00 nmethod 1528 0x02a96c48 code [0x02a96e20, 0x02a97264]

GC Heap History (10 events):
Event: 3.132 GC heap before
{Heap before GC invocations=7 (full 0):
 def new generation   total 4928K, used 4928K [0x04800000, 0x04d50000, 0x09d50000)
  eden space 4416K, 100% used [0x04800000, 0x04c50000, 0x04c50000)
  from space 512K, 100% used [0x04cd0000, 0x04d50000, 0x04d50000)
  to   space 512K,   0% used [0x04c50000, 0x04c50000, 0x04cd0000)
 tenured generation   total 10944K, used 4548K [0x09d50000, 0x0a800000, 0x14800000)
   the space 10944K,  41% used [0x09d50000, 0x0a1c1218, 0x0a1c1400, 0x0a800000)
 Metaspace       used 9897K, capacity 10612K, committed 10624K, reserved 10624K
Event: 3.142 GC heap after
Heap after GC invocations=8 (full 0):
 def new generation   total 4928K, used 274K [0x04800000, 0x04d50000, 0x09d50000)
  eden space 4416K,   0% used [0x04800000, 0x04800000, 0x04c50000)
  from space 512K,  53% used [0x04c50000, 0x04c948b8, 0x04cd0000)
  to   space 512K,   0% used [0x04cd0000, 0x04cd0000, 0x04d50000)
 tenured generation   total 10944K, used 6983K [0x09d50000, 0x0a800000, 0x14800000)
   the space 10944K,  63% used [0x09d50000, 0x0a421e18, 0x0a422000, 0x0a800000)
 Metaspace       used 9897K, capacity 10612K, committed 10624K, reserved 10624K
}
Event: 5.519 GC heap before
{Heap before GC invocations=8 (full 0):
 def new generation   total 4928K, used 4690K [0x04800000, 0x04d50000, 0x09d50000)
  eden space 4416K, 100% used [0x04800000, 0x04c50000, 0x04c50000)
  from space 512K,  53% used [0x04c50000, 0x04c948b8, 0x04cd0000)
  to   space 512K,   0% used [0x04cd0000, 0x04cd0000, 0x04d50000)
 tenured generation   total 10944K, used 6983K [0x09d50000, 0x0a800000, 0x14800000)
   the space 10944K,  63% used [0x09d50000, 0x0a421e18, 0x0a422000, 0x0a800000)
 Metaspace       used 10219K, capacity 10990K, committed 11008K, reserved 11648K
Event: 5.526 GC heap after
Heap after GC invocations=9 (full 0):
 def new generation   total 4928K, used 208K [0x04800000, 0x04d50000, 0x09d50000)
  eden space 4416K,   0% used [0x04800000, 0x04800000, 0x04c50000)
  from space 512K,  40% used [0x04cd0000, 0x04d04028, 0x04d50000)
  to   space 512K,   0% used [0x04c50000, 0x04c50000, 0x04cd0000)
 tenured generation   total 10944K, used 9282K [0x09d50000, 0x0a800000, 0x14800000)
   the space 10944K,  84% used [0x09d50000, 0x0a660888, 0x0a660a00, 0x0a800000)
 Metaspace       used 10219K, capacity 10990K, committed 11008K, reserved 11648K
}
Event: 10.385 GC heap before
{Heap before GC invocations=9 (full 0):
 def new generation   total 4928K, used 4624K [0x04800000, 0x04d50000, 0x09d50000)
  eden space 4416K, 100% used [0x04800000, 0x04c50000, 0x04c50000)
  from space 512K,  40% used [0x04cd0000, 0x04d04028, 0x04d50000)
  to   space 512K,   0% used [0x04c50000, 0x04c50000, 0x04cd0000)
 tenured generation   total 10944K, used 9282K [0x09d50000, 0x0a800000, 0x14800000)
   the space 10944K,  84% used [0x09d50000, 0x0a660888, 0x0a660a00, 0x0a800000)
 Metaspace       used 10544K, capacity 11365K, committed 11392K, reserved 11648K
Event: 10.393 GC heap after
Heap after GC invocations=10 (full 0):
 def new generation   total 4928K, used 512K [0x04800000, 0x04d50000, 0x09d50000)
  eden space 4416K,   0% used [0x04800000, 0x04800000, 0x04c50000)
  from space 512K, 100% used [0x04c50000, 0x04cd0000, 0x04cd0000)
  to   space 512K,   0% used [0x04cd0000, 0x04cd0000, 0x04d50000)
 tenured generation   total 10944K, used 9460K [0x09d50000, 0x0a800000, 0x14800000)
   the space 10944K,  86% used [0x09d50000, 0x0a68d148, 0x0a68d200, 0x0a800000)
 Metaspace       used 10544K, capacity 11365K, committed 11392K, reserved 11648K
}
Event: 13.429 GC heap before
{Heap before GC invocations=10 (full 0):
 def new generation   total 4928K, used 4928K [0x04800000, 0x04d50000, 0x09d50000)
  eden space 4416K, 100% used [0x04800000, 0x04c50000, 0x04c50000)
  from space 512K, 100% used [0x04c50000, 0x04cd0000, 0x04cd0000)
  to   space 512K,   0% used [0x04cd0000, 0x04cd0000, 0x04d50000)
 tenured generation   total 10944K, used 9460K [0x09d50000, 0x0a800000, 0x14800000)
   the space 10944K,  86% used [0x09d50000, 0x0a68d148, 0x0a68d200, 0x0a800000)
 Metaspace       used 10801K, capacity 11652K, committed 11776K, reserved 12672K
Event: 13.440 GC heap after
Heap after GC invocations=11 (full 0):
 def new generation   total 4928K, used 512K [0x04800000, 0x04d50000, 0x09d50000)
  eden space 4416K,   0% used [0x04800000, 0x04800000, 0x04c50000)
  from space 512K, 100% used [0x04cd0000, 0x04d50000, 0x04d50000)
  to   space 512K,   0% used [0x04c50000, 0x04c50000, 0x04cd0000)
 tenured generation   total 10944K, used 10194K [0x09d50000, 0x0a800000, 0x14800000)
   the space 10944K,  93% used [0x09d50000, 0x0a744bc0, 0x0a744c00, 0x0a800000)
 Metaspace       used 10801K, capacity 11652K, committed 11776K, reserved 12672K
}
Event: 33.195 GC heap before
{Heap before GC invocations=11 (full 0):
 def new generation   total 4928K, used 4928K [0x04800000, 0x04d50000, 0x09d50000)
  eden space 4416K, 100% used [0x04800000, 0x04c50000, 0x04c50000)
  from space 512K, 100% used [0x04cd0000, 0x04d50000, 0x04d50000)
  to   space 512K,   0% used [0x04c50000, 0x04c50000, 0x04cd0000)
 tenured generation   total 10944K, used 10194K [0x09d50000, 0x0a800000, 0x14800000)
   the space 10944K,  93% used [0x09d50000, 0x0a744bc0, 0x0a744c00, 0x0a800000)
 Metaspace       used 10992K, capacity 11817K, committed 11904K, reserved 12672K
Event: 33.204 GC heap after
Heap after GC invocations=12 (full 0):
 def new generation   total 4928K, used 223K [0x04800000, 0x04d50000, 0x09d50000)
  eden space 4416K,   0% used [0x04800000, 0x04800000, 0x04c50000)
  from space 512K,  43% used [0x04c50000, 0x04c87f80, 0x04cd0000)
  to   space 512K,   0% used [0x04cd0000, 0x04cd0000, 0x04d50000)
 tenured generation   total 10944K, used 10673K [0x09d50000, 0x0a800000, 0x14800000)
   the space 10944K,  97% used [0x09d50000, 0x0a7bc5e8, 0x0a7bc600, 0x0a800000)
 Metaspace       used 10992K, capacity 11817K, committed 11904K, reserved 12672K
}

Deoptimization events (0 events):
No events

Internal exceptions (10 events):
Event: 1.100 Thread 0x149c5000 Exception <a 'java/lang/ArrayIndexOutOfBoundsException'> (0x048d55e0) thrown at [D:\re\workspace\8-2-build-windows-i586-cygwin\jdk8u73\6086\hotspot\src\share\vm\runtime\sharedRuntime.cpp, line 605]
Event: 1.258 Thread 0x149c5000 Exception <a 'java/lang/ArrayIndexOutOfBoundsException'> (0x04b0d5a0) thrown at [D:\re\workspace\8-2-build-windows-i586-cygwin\jdk8u73\6086\hotspot\src\share\vm\runtime\sharedRuntime.cpp, line 605]
Event: 1.259 Thread 0x149c5000 Exception <a 'java/lang/ArrayIndexOutOfBoundsException'> (0x04b0e210) thrown at [D:\re\workspace\8-2-build-windows-i586-cygwin\jdk8u73\6086\hotspot\src\share\vm\runtime\sharedRuntime.cpp, line 605]
Event: 1.259 Thread 0x149c5000 Exception <a 'java/lang/ArrayIndexOutOfBoundsException'> (0x04b0f7b8) thrown at [D:\re\workspace\8-2-build-windows-i586-cygwin\jdk8u73\6086\hotspot\src\share\vm\runtime\sharedRuntime.cpp, line 605]
Event: 1.263 Thread 0x149c5000 Exception <a 'java/lang/ArrayIndexOutOfBoundsException'> (0x04b196b0) thrown at [D:\re\workspace\8-2-build-windows-i586-cygwin\jdk8u73\6086\hotspot\src\share\vm\runtime\sharedRuntime.cpp, line 605]
Event: 1.263 Thread 0x149c5000 Exception <a 'java/lang/ArrayIndexOutOfBoundsException'> (0x04b1a8e0) thrown at [D:\re\workspace\8-2-build-windows-i586-cygwin\jdk8u73\6086\hotspot\src\share\vm\runtime\sharedRuntime.cpp, line 605]
Event: 1.334 Thread 0x149c5000 Exception <a 'java/io/FileNotFoundException'> (0x04c267f0) thrown at [D:\re\workspace\8-2-build-windows-i586-cygwin\jdk8u73\6086\hotspot\src\share\vm\prims\jni.cpp, line 709]
Event: 1.412 Thread 0x149c5000 Implicit null exception at 0x0291d96c to 0x0291ec8c
Event: 10.422 Thread 0x149c5000 Implicit null exception at 0x02a03561 to 0x02a035c6
Event: 24.913 Thread 0x149c5000 Implicit null exception at 0x02a5391f to 0x02a53bb5

Events (10 events):
Event: 38.545 Executing VM operation: RevokeBias
Event: 38.545 Executing VM operation: RevokeBias done
Event: 38.545 Executing VM operation: RevokeBias
Event: 38.545 Executing VM operation: RevokeBias done
Event: 38.731 Executing VM operation: RevokeBias
Event: 38.731 Executing VM operation: RevokeBias done
Event: 38.731 Executing VM operation: RevokeBias
Event: 38.731 Executing VM operation: RevokeBias done
Event: 40.855 Executing VM operation: RevokeBias
Event: 40.855 Executing VM operation: RevokeBias done


Dynamic libraries:
0x013c0000 - 0x013f3000 	C:\Program Files (x86)\Java\jre1.8.0_73\bin\javaw.exe
0x77430000 - 0x775ab000 	C:\WINDOWS\SYSTEM32\ntdll.dll
0x76e20000 - 0x76f00000 	C:\WINDOWS\SYSTEM32\KERNEL32.DLL
0x76a00000 - 0x76b7e000 	C:\WINDOWS\SYSTEM32\KERNELBASE.dll
0x770b0000 - 0x7712b000 	C:\WINDOWS\SYSTEM32\ADVAPI32.dll
0x743e0000 - 0x7449e000 	C:\WINDOWS\SYSTEM32\msvcrt.dll
0x74e00000 - 0x74e44000 	C:\WINDOWS\SYSTEM32\sechost.dll
0x77000000 - 0x770ad000 	C:\WINDOWS\SYSTEM32\RPCRT4.dll
0x74160000 - 0x7417e000 	C:\WINDOWS\SYSTEM32\SspiCli.dll
0x74150000 - 0x7415a000 	C:\WINDOWS\SYSTEM32\CRYPTBASE.dll
0x74330000 - 0x74388000 	C:\WINDOWS\SYSTEM32\bcryptPrimitives.dll
0x741e0000 - 0x74327000 	C:\WINDOWS\SYSTEM32\USER32.dll
0x74750000 - 0x7489f000 	C:\WINDOWS\SYSTEM32\GDI32.dll
0x69480000 - 0x6968f000 	C:\WINDOWS\WinSxS\x86_microsoft.windows.common-controls_6595b64144ccf1df_6.0.10586.0_none_d3c2e4e965da4528\COMCTL32.dll
0x74590000 - 0x7474d000 	C:\WINDOWS\SYSTEM32\combase.dll
0x762b0000 - 0x762db000 	C:\WINDOWS\SYSTEM32\IMM32.DLL
0x66bb0000 - 0x66c6f000 	C:\Program Files (x86)\Java\jre1.8.0_73\bin\msvcr100.dll
0x690b0000 - 0x69478000 	C:\Program Files (x86)\Java\jre1.8.0_73\bin\client\jvm.dll
0x76460000 - 0x76466000 	C:\WINDOWS\SYSTEM32\PSAPI.DLL
0x73c30000 - 0x73c54000 	C:\WINDOWS\SYSTEM32\WINMM.dll
0x74050000 - 0x74058000 	C:\WINDOWS\SYSTEM32\VERSION.dll
0x72cd0000 - 0x72cd8000 	C:\WINDOWS\SYSTEM32\WSOCK32.dll
0x77390000 - 0x773ef000 	C:\WINDOWS\SYSTEM32\WS2_32.dll
0x73c00000 - 0x73c23000 	C:\WINDOWS\SYSTEM32\WINMMBASE.dll
0x773f0000 - 0x77427000 	C:\WINDOWS\SYSTEM32\cfgmgr32.dll
0x70820000 - 0x7082c000 	C:\Program Files (x86)\Java\jre1.8.0_73\bin\verify.dll
0x707f0000 - 0x70811000 	C:\Program Files (x86)\Java\jre1.8.0_73\bin\java.dll
0x6e270000 - 0x6e283000 	C:\Program Files (x86)\Java\jre1.8.0_73\bin\zip.dll
0x74e60000 - 0x7625e000 	C:\WINDOWS\SYSTEM32\SHELL32.dll
0x748a0000 - 0x74d9a000 	C:\WINDOWS\SYSTEM32\windows.storage.dll
0x74390000 - 0x743d5000 	C:\WINDOWS\SYSTEM32\shlwapi.dll
0x76db0000 - 0x76dbc000 	C:\WINDOWS\SYSTEM32\kernel.appcore.dll
0x77130000 - 0x771bd000 	C:\WINDOWS\SYSTEM32\shcore.dll
0x76260000 - 0x762a4000 	C:\WINDOWS\SYSTEM32\powrprof.dll
0x76470000 - 0x7647f000 	C:\WINDOWS\SYSTEM32\profapi.dll
0x66ac0000 - 0x66bae000 	C:\Program Files (x86)\Java\jre1.8.0_73\bin\msvcr120.dll
0x66a40000 - 0x66ab1000 	C:\Program Files (x86)\Java\jre1.8.0_73\bin\msvcp120.dll
0x68900000 - 0x6891f000 	C:\Program Files (x86)\Java\jre1.8.0_73\bin\prism_d3d.dll
0x737c0000 - 0x7398b000 	C:\WINDOWS\system32\d3d9.dll
0x74070000 - 0x7408d000 	C:\WINDOWS\SYSTEM32\dwmapi.dll
0x73350000 - 0x733c5000 	C:\WINDOWS\system32\uxtheme.dll
0x6a4d0000 - 0x6aec9000 	C:\WINDOWS\SYSTEM32\igdumdim32.dll
0x6a150000 - 0x6a4c5000 	C:\WINDOWS\SYSTEM32\igdusc32.dll
0x66a00000 - 0x66a33000 	C:\Program Files (x86)\Java\jre1.8.0_73\bin\glass.dll
0x76c00000 - 0x76cf2000 	C:\WINDOWS\SYSTEM32\COMDLG32.dll
0x74180000 - 0x741de000 	C:\WINDOWS\SYSTEM32\FirewallAPI.dll
0x77370000 - 0x77383000 	C:\WINDOWS\SYSTEM32\NETAPI32.dll
0x76f00000 - 0x76feb000 	C:\WINDOWS\SYSTEM32\ole32.dll
0x744a0000 - 0x74532000 	C:\WINDOWS\SYSTEM32\OLEAUT32.dll
0x690a0000 - 0x690ab000 	C:\WINDOWS\SYSTEM32\DAVHLPR.DLL
0x66c70000 - 0x66c9d000 	C:\WINDOWS\SYSTEM32\fwbase.dll
0x771c0000 - 0x772df000 	C:\WINDOWS\SYSTEM32\MSCTF.dll
0x668f0000 - 0x66901000 	C:\Program Files (x86)\Java\jre1.8.0_73\bin\javafx_font.dll
0x72f20000 - 0x73111000 	C:\WINDOWS\SYSTEM32\dwrite.dll
0x772e0000 - 0x77364000 	C:\WINDOWS\SYSTEM32\clbcatq.dll
0x6d7d0000 - 0x6d943000 	C:\WINDOWS\SYSTEM32\WindowsCodecs.dll
0x68f70000 - 0x68fb1000 	C:\WINDOWS\system32\dataexchange.dll
0x66120000 - 0x6633a000 	C:\WINDOWS\system32\d3d11.dll
0x68ec0000 - 0x68f67000 	C:\WINDOWS\system32\dcomp.dll
0x66340000 - 0x663c3000 	C:\WINDOWS\system32\dxgi.dll
0x72c00000 - 0x72ccd000 	C:\WINDOWS\system32\twinapi.appcore.dll
0x73c80000 - 0x73c9b000 	C:\WINDOWS\system32\bcrypt.dll
0x668b0000 - 0x668d5000 	C:\Program Files (x86)\Common Files\Microsoft Shared\Ink\rtscom.dll
0x668a0000 - 0x668af000 	C:\Program Files (x86)\Java\jre1.8.0_73\bin\prism_common.dll
0x670a0000 - 0x671eb000 	C:\WINDOWS\SYSTEM32\PROPSYS.dll
0x65b20000 - 0x65b9d000 	C:\Program Files (x86)\Common Files\microsoft shared\ink\tiptsf.dll
0x68a30000 - 0x68a79000 	C:\WINDOWS\SYSTEM32\edputil.dll
0x65ad0000 - 0x65b1a000 	C:\WINDOWS\SYSTEM32\policymanager.dll
0x65a60000 - 0x65ac5000 	C:\WINDOWS\SYSTEM32\msvcp110_win.dll
0x68a80000 - 0x68eba000 	C:\WINDOWS\system32\explorerframe.dll
0x658f0000 - 0x65a57000 	C:\WINDOWS\system32\DUI70.dll
0x65870000 - 0x658eb000 	C:\WINDOWS\system32\DUser.dll
0x65830000 - 0x6586e000 	C:\Windows\SYSTEM32\thumbcache.dll
0x66710000 - 0x66842000 	C:\Windows\System32\Windows.Globalization.dll
0x666b0000 - 0x66702000 	C:\Windows\System32\Bcp47Langs.dll
0x65800000 - 0x65823000 	C:\WINDOWS\SYSTEM32\globinputhost.dll
0x65740000 - 0x657c2000 	C:\WINDOWS\System32\StructuredQuery.dll
0x72840000 - 0x72a5c000 	C:\Windows\SYSTEM32\ActXPrxy.dll
0x65730000 - 0x6573d000 	C:\WINDOWS\SYSTEM32\atlthunk.dll
0x73d10000 - 0x73d26000 	C:\WINDOWS\SYSTEM32\MPR.dll
0x65720000 - 0x65729000 	C:\WINDOWS\System32\drprov.dll
0x656d0000 - 0x65714000 	C:\WINDOWS\System32\WINSTA.dll
0x656b0000 - 0x656c2000 	C:\WINDOWS\System32\ntlanman.dll
0x65690000 - 0x656aa000 	C:\WINDOWS\System32\davclnt.dll
0x65680000 - 0x65690000 	C:\WINDOWS\System32\wkscli.dll
0x68930000 - 0x6893f000 	C:\WINDOWS\SYSTEM32\cscapi.dll
0x68920000 - 0x6892a000 	C:\WINDOWS\System32\netutils.dll
0x65670000 - 0x65678000 	C:\WINDOWS\system32\IconCodecService.dll
0x73fb0000 - 0x74042000 	C:\WINDOWS\SYSTEM32\apphelp.dll
0x61a80000 - 0x61af0000 	C:\Windows\SYSTEM32\dlnashext.dll
0x61a20000 - 0x61a77000 	C:\Windows\System32\PlayToDevice.dll
0x66910000 - 0x6692b000 	C:\Windows\System32\DevDispItemProvider.dll
0x61970000 - 0x61a12000 	C:\WINDOWS\system32\Windows.Storage.Search.dll
0x618d0000 - 0x61963000 	C:\Windows\SYSTEM32\twinapi.dll
0x76dc0000 - 0x76e1a000 	C:\WINDOWS\SYSTEM32\coml2.dll
0x6d3b0000 - 0x6d405000 	C:\WINDOWS\System32\MMDevApi.dll
0x74120000 - 0x74142000 	C:\WINDOWS\System32\DEVOBJ.dll
0x61650000 - 0x616d3000 	C:\Windows\SYSTEM32\PortableDeviceApi.dll
0x76480000 - 0x7688b000 	C:\WINDOWS\SYSTEM32\SETUPAPI.dll
0x74540000 - 0x74582000 	C:\WINDOWS\SYSTEM32\WINTRUST.dll
0x76d00000 - 0x76d0e000 	C:\WINDOWS\SYSTEM32\MSASN1.dll
0x762e0000 - 0x76458000 	C:\WINDOWS\SYSTEM32\CRYPT32.dll
0x69090000 - 0x6909b000 	C:\WINDOWS\SYSTEM32\LINKINFO.dll
0x610f0000 - 0x61274000 	C:\Users\daryll\AppData\Local\Microsoft\OneDrive\17.3.6302.0225\FileSyncShell.dll
0x610a0000 - 0x610ed000 	C:\Users\daryll\AppData\Local\Microsoft\OneDrive\17.3.6302.0225\Telemetry.dll
0x73120000 - 0x73348000 	C:\WINDOWS\SYSTEM32\WININET.dll
0x61080000 - 0x6109c000 	C:\Users\daryll\AppData\Local\Microsoft\OneDrive\17.3.6302.0225\LoggingPlatform.DLL
0x61050000 - 0x61071000 	C:\WINDOWS\SYSTEM32\Cabinet.dll
0x725d0000 - 0x7266b000 	C:\WINDOWS\SYSTEM32\WINHTTP.dll
0x60e30000 - 0x6104f000 	C:\Program Files (x86)\Microsoft Office\Office12\GrooveShellExtensions.dll
0x60d30000 - 0x60e23000 	C:\Program Files (x86)\Microsoft Office\Office12\GrooveUtil.DLL
0x60c90000 - 0x60d2b000 	C:\WINDOWS\WinSxS\x86_microsoft.vc80.crt_1fc8b3b9a1e18e3b_8.0.50727.9193_none_d09188224426efcd\MSVCR80.dll
0x65660000 - 0x65667000 	C:\Program Files (x86)\Microsoft Office\Office12\GrooveNew.DLL
0x60c70000 - 0x60c8b000 	C:\WINDOWS\WinSxS\x86_microsoft.vc80.atl_1fc8b3b9a1e18e3b_8.0.50727.762_none_11ecb0ab9b2caf3c\ATL80.DLL
0x6e3a0000 - 0x6e3b3000 	C:\WINDOWS\SYSTEM32\CRYPTSP.dll
0x6e370000 - 0x6e39f000 	C:\WINDOWS\system32\rsaenh.dll
0x69020000 - 0x69026000 	C:\WINDOWS\SYSTEM32\MSImg32.dll
0x60c50000 - 0x60c62000 	C:\WINDOWS\system32\mssprxy.dll
0x60b20000 - 0x60c44000 	C:\WINDOWS\system32\NetworkExplorer.dll
0x60af0000 - 0x60b1d000 	C:\Program Files (x86)\Microsoft Office\Office12\GrooveSystemServices.dll
0x605e0000 - 0x6076e000 	C:\WINDOWS\System32\msxml3.dll
0x68960000 - 0x68a29000 	C:\WINDOWS\SYSTEM32\ntshrui.dll
0x68940000 - 0x6895c000 	C:\WINDOWS\SYSTEM32\srvcli.dll
0x673e0000 - 0x6786e000 	C:\WINDOWS\SYSTEM32\d2d1.dll
0x66e80000 - 0x67098000 	C:\WINDOWS\SYSTEM32\D3D10Warp.dll
0x61c50000 - 0x61d8f000 	C:\WINDOWS\SYSTEM32\dbghelp.dll

VM Arguments:
jvm_args: -Dfile.encoding=Cp1252 
java_command: application.Main
java_class_path (initial): R:\ZeroShiki\workspace\standard\gui\GraphFX\bin;R:\ZeroShiki\eclipse\plugins\org.eclipse.fx.ide.css.jfx8_2.0.0.201506111511.jar
Launcher Type: SUN_STANDARD

Environment Variables:
JAVA_HOME=C:\Program Files (x86)\Java\jdk1.8.0_66
PATH=C:/Program Files (x86)/Java/jre1.8.0_73/bin/client;C:/Program Files (x86)/Java/jre1.8.0_73/bin;C:/Program Files (x86)/Java/jre1.8.0_73/lib/i386;C:\ProgramData\Oracle\Java\javapath;C:\WINDOWS\system32;C:\WINDOWS;C:\WINDOWS\System32\Wbem;C:\WINDOWS\System32\WindowsPowerShell\v1.0\;C:\Program Files\MySQL\MySQL Enterprise Backup 3.10.1\;C:\Program Files (x86)\MySQL\MySQL Utilities 1.3.6\;C:\Program Files (x86)\Java\jdk1.8.0_66\bin;C:\Program Files (x86)\Windows Kits\8.1\Windows Performance Toolkit\;C:\Program Files (x86)\Skype\Phone\;C:\Program Files (x86)\Inno Setup 5;C:\Ruby22\bin;R:\Program Files\emacs\bin;C:\Program Files (x86)\Inno Setup 5;R:\Program Files\MiKTeX\miktex\bin\;R:\Program Files\Microsoft VS Code\bin;R:\ZeroShiki\eclipse;
USERNAME=daryll
OS=Windows_NT
PROCESSOR_IDENTIFIER=Intel64 Family 6 Model 55 Stepping 8, GenuineIntel



---------------  S Y S T E M  ---------------

OS: Windows 10.0 , 64 bit Build 10586 (10.0.10586.0)

CPU:total 4 (4 cores per cpu, 1 threads per core) family 6 model 55 stepping 8, cmov, cx8, fxsr, mmx, sse, sse2, sse3, ssse3, sse4.1, sse4.2, popcnt, clmul, erms, 3dnowpref, tsc, tscinvbit

Memory: 4k page, physical 1976016k(459000k free), swap 3330984k(971608k free)

vm_info: Java HotSpot(TM) Client VM (25.73-b02) for windows-x86 JRE (1.8.0_73-b02), built on Jan 29 2016 17:05:52 by "java_re" with MS VC++ 10.0 (VS2010)

time: Mon Mar 28 14:43:52 2016
elapsed time: 41 seconds (0d 0h 0m 41s)

